{
  "stats": {
    "suites": 7,
    "tests": 12,
    "passes": 10,
    "pending": 2,
    "failures": 0,
    "start": "2020-06-25T11:40:31.419Z",
    "end": "2020-06-25T11:40:31.419Z",
    "duration": 84099,
    "testsRegistered": 12,
    "passPercent": 83.33333333333333,
    "pendingPercent": 16.666666666666668,
    "other": 0,
    "hasOther": false,
    "skipped": 0,
    "hasSkipped": false
  },
  "results": [
    {
      "uuid": "b429b87d-b31c-45e7-9169-032262ab0485",
      "title": "",
      "fullFile": "cypress/integration/sampletests/amazon_search.js",
      "file": "cypress/integration/sampletests/amazon_search.js",
      "beforeHooks": [],
      "afterHooks": [],
      "tests": [],
      "suites": [
        {
          "uuid": "1a20d75a-5d6c-4eb1-98db-5b8de95286c8",
          "title": "Amazon Search App ",
          "fullFile": "",
          "file": "",
          "beforeHooks": [],
          "afterHooks": [],
          "tests": [
            {
              "title": "search test",
              "fullTitle": "Amazon Search App  search test",
              "timedOut": null,
              "duration": 4311,
              "state": "passed",
              "speed": "slow",
              "pass": true,
              "fail": false,
              "pending": false,
              "context": null,
              "code": "cy.visit('https://www.amazon.in/');\ncy.get('.nav-search-field ').within(function () {\n  cy.get('#twotabsearchtextbox').type('Apple Mac Book Laptop');\n});",
              "err": {},
              "uuid": "84a9421d-6c05-46e3-87f6-4d484c6a70aa",
              "parentUUID": "1a20d75a-5d6c-4eb1-98db-5b8de95286c8",
              "isHook": false,
              "skipped": false
            }
          ],
          "suites": [],
          "passes": [
            "84a9421d-6c05-46e3-87f6-4d484c6a70aa"
          ],
          "failures": [],
          "pending": [],
          "skipped": [],
          "duration": 4311,
          "root": false,
          "rootEmpty": false,
          "_timeout": 2000
        }
      ],
      "passes": [],
      "failures": [],
      "pending": [],
      "skipped": [],
      "duration": 0,
      "root": true,
      "rootEmpty": true,
      "_timeout": 2000
    },
    {
      "uuid": "323356f1-ad05-4b60-bb2b-f578eee6b603",
      "title": "",
      "fullFile": "cypress/integration/sampletests/amazon.test.js",
      "file": "cypress/integration/sampletests/amazon.test.js",
      "beforeHooks": [],
      "afterHooks": [],
      "tests": [],
      "suites": [
        {
          "uuid": "e3960ab3-7b81-4c92-b387-f714e1cea477",
          "title": "Amazon page test",
          "fullFile": "",
          "file": "",
          "beforeHooks": [],
          "afterHooks": [],
          "tests": [
            {
              "title": "amazon search test",
              "fullTitle": "Amazon page test amazon search test",
              "timedOut": null,
              "duration": 3203,
              "state": "passed",
              "speed": "slow",
              "pass": true,
              "fail": false,
              "pending": false,
              "context": null,
              "code": "cy.visit('https://www.amazon.in/');\ncy.get('.nav-search-field ').within(function () {\n  cy.get('#twotabsearchtextbox').type('Apple Mac Book');\n});",
              "err": {},
              "uuid": "97ee818f-641d-447f-9ed4-01a877273b4c",
              "parentUUID": "e3960ab3-7b81-4c92-b387-f714e1cea477",
              "isHook": false,
              "skipped": false
            }
          ],
          "suites": [],
          "passes": [
            "97ee818f-641d-447f-9ed4-01a877273b4c"
          ],
          "failures": [],
          "pending": [],
          "skipped": [],
          "duration": 3203,
          "root": false,
          "rootEmpty": false,
          "_timeout": 2000
        }
      ],
      "passes": [],
      "failures": [],
      "pending": [],
      "skipped": [],
      "duration": 0,
      "root": true,
      "rootEmpty": true,
      "_timeout": 2000
    },
    {
      "uuid": "cb6858ab-f00e-40cc-86ba-9c359385c85c",
      "title": "",
      "fullFile": "cypress/integration/sampletests/automationPractice_test.js",
      "file": "cypress/integration/sampletests/automationPractice_test.js",
      "beforeHooks": [],
      "afterHooks": [],
      "tests": [],
      "suites": [
        {
          "uuid": "6cc28fe8-446e-473e-b285-bac2264c01a1",
          "title": "automation practice features testing",
          "fullFile": "",
          "file": "",
          "beforeHooks": [],
          "afterHooks": [],
          "tests": [
            {
              "title": "should login",
              "fullTitle": "automation practice features testing should login",
              "timedOut": null,
              "duration": 11847,
              "state": "passed",
              "speed": "slow",
              "pass": true,
              "fail": false,
              "pending": false,
              "context": null,
              "code": "cy.url().should('include', 'controller=my-account');\ncy.get('.myaccount-link-list a').should('have.length', 5);",
              "err": {},
              "uuid": "84de847f-06d1-48e3-9f1a-85c55bb6d206",
              "parentUUID": "6cc28fe8-446e-473e-b285-bac2264c01a1",
              "isHook": false,
              "skipped": false
            },
            {
              "title": "should navigate to home page",
              "fullTitle": "automation practice features testing should navigate to home page",
              "timedOut": null,
              "duration": 3432,
              "state": "passed",
              "speed": "slow",
              "pass": true,
              "fail": false,
              "pending": false,
              "context": null,
              "code": "cy.get('.icon-chevron-left').last().click().url().should('include', 'index.php');",
              "err": {},
              "uuid": "94eabada-2772-4689-b243-79f9d10d841f",
              "parentUUID": "6cc28fe8-446e-473e-b285-bac2264c01a1",
              "isHook": false,
              "skipped": false
            },
            {
              "title": "should search",
              "fullTitle": "automation practice features testing should search",
              "timedOut": null,
              "duration": 2991,
              "state": "passed",
              "speed": "slow",
              "pass": true,
              "fail": false,
              "pending": false,
              "context": null,
              "code": "cy.search('Dress');\ncy.get('.lighter').should('contain.text', 'Dress');",
              "err": {},
              "uuid": "0dbda6ab-6b74-4098-9c7e-e5a7236ecfcf",
              "parentUUID": "6cc28fe8-446e-473e-b285-bac2264c01a1",
              "isHook": false,
              "skipped": false
            }
          ],
          "suites": [],
          "passes": [
            "84de847f-06d1-48e3-9f1a-85c55bb6d206",
            "94eabada-2772-4689-b243-79f9d10d841f",
            "0dbda6ab-6b74-4098-9c7e-e5a7236ecfcf"
          ],
          "failures": [],
          "pending": [],
          "skipped": [],
          "duration": 18270,
          "root": false,
          "rootEmpty": false,
          "_timeout": 2000
        }
      ],
      "passes": [],
      "failures": [],
      "pending": [],
      "skipped": [],
      "duration": 0,
      "root": true,
      "rootEmpty": true,
      "_timeout": 2000
    },
    {
      "uuid": "7155bd3a-8222-4fb6-9bfd-199712ef8555",
      "title": "",
      "fullFile": "cypress/integration/sampletests/back_fwd_test.js",
      "file": "cypress/integration/sampletests/back_fwd_test.js",
      "beforeHooks": [],
      "afterHooks": [],
      "tests": [],
      "suites": [
        {
          "uuid": "3ec58b40-092b-45a2-ae86-23e49cc5c859",
          "title": "back and fwd button simulate",
          "fullFile": "",
          "file": "",
          "beforeHooks": [],
          "afterHooks": [],
          "tests": [
            {
              "title": "back-fwd test",
              "fullTitle": "back and fwd button simulate back-fwd test",
              "timedOut": null,
              "duration": 11839,
              "state": "passed",
              "speed": "slow",
              "pass": true,
              "fail": false,
              "pending": false,
              "context": null,
              "code": "cy.visit('https://www.freshworks.com/');\ncy.contains('Platform').click().go('back').go('forward').contains('Platform'); //     cy.go('back')\n//     //cy.go(-1)\n//     cy.wait(200)\n//    cy.go('forward')\n//    //cy.go(1)",
              "err": {},
              "uuid": "cf040cad-4988-4532-bd73-f65e36e16c8a",
              "parentUUID": "3ec58b40-092b-45a2-ae86-23e49cc5c859",
              "isHook": false,
              "skipped": false
            }
          ],
          "suites": [],
          "passes": [
            "cf040cad-4988-4532-bd73-f65e36e16c8a"
          ],
          "failures": [],
          "pending": [],
          "skipped": [],
          "duration": 11839,
          "root": false,
          "rootEmpty": false,
          "_timeout": 2000
        }
      ],
      "passes": [],
      "failures": [],
      "pending": [],
      "skipped": [],
      "duration": 0,
      "root": true,
      "rootEmpty": true,
      "_timeout": 2000
    },
    {
      "uuid": "ccdf67ce-3f6d-4e62-9535-363599a39ba2",
      "title": "",
      "fullFile": "cypress/integration/sampletests/checkbox_test.js",
      "file": "cypress/integration/sampletests/checkbox_test.js",
      "beforeHooks": [],
      "afterHooks": [],
      "tests": [],
      "suites": [
        {
          "uuid": "2aa71c29-308c-4d70-9696-3f6a112cfa00",
          "title": "Category page tests",
          "fullFile": "",
          "file": "",
          "beforeHooks": [],
          "afterHooks": [],
          "tests": [
            {
              "title": "SnapDeal Page - filter checkbox test",
              "fullTitle": "Category page tests SnapDeal Page - filter checkbox test",
              "timedOut": null,
              "duration": 11287,
              "state": "passed",
              "speed": "slow",
              "pass": true,
              "fail": false,
              "pending": false,
              "context": null,
              "code": "cy.visit('https://www.snapdeal.com/');\ncy.get('#inputValEnter').type('Laptop');\ncy.contains('Search').click(); //check\ncy.get('[data-displayname=\"Brand\"] > .filter-content > .filter-inner > :nth-child(n) > input').check({\n  force: true\n});\ncy.get('[data-displayname=\"Brand\"] > .filter-content > .filter-inner > :nth-child(n) > input').should('have.checked', 'checked'); //uncheck\ncy.get('[data-displayname=\"Brand\"] > .filter-content > .filter-inner > :nth-child(n) > input').uncheck({\n  force: true\n});\ncy.get('[data-displayname=\"Brand\"] > .filter-content > .filter-inner > :nth-child(n) > input').should('not.have.checked', 'checked');",
              "err": {},
              "uuid": "a65963df-65e3-4fa5-a765-3cd84ead8c29",
              "parentUUID": "2aa71c29-308c-4d70-9696-3f6a112cfa00",
              "isHook": false,
              "skipped": false
            }
          ],
          "suites": [],
          "passes": [
            "a65963df-65e3-4fa5-a765-3cd84ead8c29"
          ],
          "failures": [],
          "pending": [],
          "skipped": [],
          "duration": 11287,
          "root": false,
          "rootEmpty": false,
          "_timeout": 2000
        }
      ],
      "passes": [],
      "failures": [],
      "pending": [],
      "skipped": [],
      "duration": 0,
      "root": true,
      "rootEmpty": true,
      "_timeout": 2000
    },
    {
      "uuid": "323253ac-9470-4b79-9934-3991fec985e4",
      "title": "",
      "fullFile": "cypress/integration/sampletests/demo_test.js",
      "file": "cypress/integration/sampletests/demo_test.js",
      "beforeHooks": [],
      "afterHooks": [],
      "tests": [],
      "suites": [
        {
          "uuid": "51c2d08d-d60d-4231-ad5a-2becbc3a48de",
          "title": "back and fwd button simulate",
          "fullFile": "",
          "file": "",
          "beforeHooks": [],
          "afterHooks": [],
          "tests": [
            {
              "title": "back-fwd test",
              "fullTitle": "back and fwd button simulate back-fwd test",
              "timedOut": null,
              "duration": 5624,
              "state": "passed",
              "speed": "slow",
              "pass": true,
              "fail": false,
              "pending": false,
              "context": null,
              "code": "cy.visit('https://www.orangehrm.com/orangehrm-30-day-trial/');\ncy.get('Accept Cookies').should(function ($text) {\n  var text = $text.text();\n  console.log(text);\n});\ncy.contains('Accept Cookies').click();\ncy.get('#Form_submitForm_subdomain').type('naveenautomation').should('have.value', 'naveenautomation');\ncy.get('#Form_submitForm_Country').select('Andorra').should('have.value', 'Andorra');",
              "err": {},
              "uuid": "c2994f8c-91d2-44ab-9054-18657656fabc",
              "parentUUID": "51c2d08d-d60d-4231-ad5a-2becbc3a48de",
              "isHook": false,
              "skipped": false
            }
          ],
          "suites": [],
          "passes": [
            "c2994f8c-91d2-44ab-9054-18657656fabc"
          ],
          "failures": [],
          "pending": [],
          "skipped": [],
          "duration": 5624,
          "root": false,
          "rootEmpty": false,
          "_timeout": 2000
        }
      ],
      "passes": [],
      "failures": [],
      "pending": [],
      "skipped": [],
      "duration": 0,
      "root": true,
      "rootEmpty": true,
      "_timeout": 2000
    },
    {
      "uuid": "e6eccdf2-4d5f-45bc-87eb-c0b3a767facd",
      "title": "",
      "fullFile": "cypress/integration/sampletests/dropdown_test.js",
      "file": "cypress/integration/sampletests/dropdown_test.js",
      "beforeHooks": [],
      "afterHooks": [],
      "tests": [],
      "suites": [
        {
          "uuid": "47793741-bf3f-4560-9bc0-3be102036687",
          "title": "drop down feature",
          "fullFile": "",
          "file": "",
          "beforeHooks": [],
          "afterHooks": [],
          "tests": [
            {
              "title": "with Select tag test",
              "fullTitle": "drop down feature with Select tag test",
              "timedOut": null,
              "duration": 0,
              "state": "pending",
              "speed": null,
              "pass": false,
              "fail": false,
              "pending": true,
              "context": null,
              "code": "",
              "err": {},
              "uuid": "90ea63ac-0e1d-45d2-98a1-c7c2b130af21",
              "parentUUID": "47793741-bf3f-4560-9bc0-3be102036687",
              "isHook": false,
              "skipped": false
            },
            {
              "title": "Google Search Test",
              "fullTitle": "drop down feature Google Search Test",
              "timedOut": null,
              "duration": 0,
              "state": "pending",
              "speed": null,
              "pass": false,
              "fail": false,
              "pending": true,
              "context": null,
              "code": "",
              "err": {},
              "uuid": "c19c8ee9-ac17-4842-9bbf-5addbda4f473",
              "parentUUID": "47793741-bf3f-4560-9bc0-3be102036687",
              "isHook": false,
              "skipped": false
            },
            {
              "title": "automation Ecomm Search Test",
              "fullTitle": "drop down feature automation Ecomm Search Test",
              "timedOut": null,
              "duration": 19539,
              "state": "passed",
              "speed": "slow",
              "pass": true,
              "fail": false,
              "pending": false,
              "context": null,
              "code": "cy.visit('http://automationpractice.com/index.php'); // cy.get('#search_query_top').type('dress')\n// cy.get('.ac_results')\n// .find('li')\n// .contains('T-shirts').click()\n//cy.get('.erkvQe li span').contains('cypress tutorial').click()\ncy.get('.ajax_add_to_cart_button').first().click(); //Close modal which confirms that product has been added.\ncy.get('.cross').click();\ncy.wait(5000); //Get drop-down cart block and verify if by default it is hidden.\n//Force the drop-down block to be visible by invoke('show').\ncy.get('.cart_block').should('be.hidden').invoke('show');\ncy.wait(3000); //Click on check out button.\ncy.get('#button_order_cart').click(); //Assert redirection to new url.\ncy.url().should('include', 'controller=order');",
              "err": {},
              "uuid": "a9e46083-93a3-490c-9da3-4c187dd21e4d",
              "parentUUID": "47793741-bf3f-4560-9bc0-3be102036687",
              "isHook": false,
              "skipped": false
            },
            {
              "title": "mouse hover",
              "fullTitle": "drop down feature mouse hover",
              "timedOut": null,
              "duration": 10026,
              "state": "passed",
              "speed": "slow",
              "pass": true,
              "fail": false,
              "pending": false,
              "context": null,
              "code": "cy.visit('https://www.spicejet.com/');\ncy.contains('Login / Signup').trigger('mouseover');\ncy.contains('SpiceClub Members').trigger('mouseover');\ncy.contains('Sign up').click();",
              "err": {},
              "uuid": "6e044a76-cff6-4fd2-bc6b-a9555510d6d0",
              "parentUUID": "47793741-bf3f-4560-9bc0-3be102036687",
              "isHook": false,
              "skipped": false
            }
          ],
          "suites": [],
          "passes": [
            "a9e46083-93a3-490c-9da3-4c187dd21e4d",
            "6e044a76-cff6-4fd2-bc6b-a9555510d6d0"
          ],
          "failures": [],
          "pending": [
            "90ea63ac-0e1d-45d2-98a1-c7c2b130af21",
            "c19c8ee9-ac17-4842-9bbf-5addbda4f473"
          ],
          "skipped": [],
          "duration": 29565,
          "root": false,
          "rootEmpty": false,
          "_timeout": 2000
        }
      ],
      "passes": [],
      "failures": [],
      "pending": [],
      "skipped": [],
      "duration": 0,
      "root": true,
      "rootEmpty": true,
      "_timeout": 2000
    }
  ],
  "meta": {
    "mocha": {
      "version": "7.0.1"
    },
    "mochawesome": {
      "options": {
        "quiet": false,
        "reportFilename": "report",
        "saveHtml": true,
        "saveJson": true,
        "consoleReporter": "spec",
        "useInlineDiffs": false,
        "code": true
      },
      "version": "6.1.1"
    },
    "marge": {
      "options": {
        "reportDir": "cypress/reports",
        "reportFilename": "report",
        "overwrite": false,
        "html": true,
        "json": true,
        "charts": true
      },
      "version": "5.1.0"
    }
  }
}