{
  "stats": {
    "suites": 1,
    "tests": 1,
    "passes": 1,
    "pending": 0,
    "failures": 0,
    "start": "2020-06-25T11:38:04.093Z",
    "end": "2020-06-25T11:38:09.699Z",
    "duration": 5606,
    "testsRegistered": 1,
    "passPercent": 100,
    "pendingPercent": 0,
    "other": 0,
    "hasOther": false,
    "skipped": 0,
    "hasSkipped": false
  },
  "results": [
    {
      "uuid": "323356f1-ad05-4b60-bb2b-f578eee6b603",
      "title": "",
      "fullFile": "cypress/integration/sampletests/amazon.test.js",
      "file": "cypress/integration/sampletests/amazon.test.js",
      "beforeHooks": [],
      "afterHooks": [],
      "tests": [],
      "suites": [
        {
          "uuid": "e3960ab3-7b81-4c92-b387-f714e1cea477",
          "title": "Amazon page test",
          "fullFile": "",
          "file": "",
          "beforeHooks": [],
          "afterHooks": [],
          "tests": [
            {
              "title": "amazon search test",
              "fullTitle": "Amazon page test amazon search test",
              "timedOut": null,
              "duration": 3203,
              "state": "passed",
              "speed": "slow",
              "pass": true,
              "fail": false,
              "pending": false,
              "context": null,
              "code": "cy.visit('https://www.amazon.in/');\ncy.get('.nav-search-field ').within(function () {\n  cy.get('#twotabsearchtextbox').type('Apple Mac Book');\n});",
              "err": {},
              "uuid": "97ee818f-641d-447f-9ed4-01a877273b4c",
              "parentUUID": "e3960ab3-7b81-4c92-b387-f714e1cea477",
              "isHook": false,
              "skipped": false
            }
          ],
          "suites": [],
          "passes": [
            "97ee818f-641d-447f-9ed4-01a877273b4c"
          ],
          "failures": [],
          "pending": [],
          "skipped": [],
          "duration": 3203,
          "root": false,
          "rootEmpty": false,
          "_timeout": 2000
        }
      ],
      "passes": [],
      "failures": [],
      "pending": [],
      "skipped": [],
      "duration": 0,
      "root": true,
      "rootEmpty": true,
      "_timeout": 2000
    }
  ],
  "meta": {
    "mocha": {
      "version": "7.0.1"
    },
    "mochawesome": {
      "options": {
        "quiet": false,
        "reportFilename": "report",
        "saveHtml": true,
        "saveJson": true,
        "consoleReporter": "spec",
        "useInlineDiffs": false,
        "code": true
      },
      "version": "6.1.1"
    },
    "marge": {
      "options": {
        "reportDir": "cypress/reports",
        "reportFilename": "report",
        "overwrite": false,
        "html": true,
        "json": true,
        "charts": true
      },
      "version": "5.1.0"
    }
  }
}