{
  "stats": {
    "suites": 1,
    "tests": 1,
    "passes": 1,
    "pending": 0,
    "failures": 0,
    "start": "2020-06-25T11:39:11.595Z",
    "end": "2020-06-25T11:39:20.631Z",
    "duration": 9036,
    "testsRegistered": 1,
    "passPercent": 100,
    "pendingPercent": 0,
    "other": 0,
    "hasOther": false,
    "skipped": 0,
    "hasSkipped": false
  },
  "results": [
    {
      "uuid": "323253ac-9470-4b79-9934-3991fec985e4",
      "title": "",
      "fullFile": "cypress/integration/sampletests/demo_test.js",
      "file": "cypress/integration/sampletests/demo_test.js",
      "beforeHooks": [],
      "afterHooks": [],
      "tests": [],
      "suites": [
        {
          "uuid": "51c2d08d-d60d-4231-ad5a-2becbc3a48de",
          "title": "back and fwd button simulate",
          "fullFile": "",
          "file": "",
          "beforeHooks": [],
          "afterHooks": [],
          "tests": [
            {
              "title": "back-fwd test",
              "fullTitle": "back and fwd button simulate back-fwd test",
              "timedOut": null,
              "duration": 5624,
              "state": "passed",
              "speed": "slow",
              "pass": true,
              "fail": false,
              "pending": false,
              "context": null,
              "code": "cy.visit('https://www.orangehrm.com/orangehrm-30-day-trial/');\ncy.get('Accept Cookies').should(function ($text) {\n  var text = $text.text();\n  console.log(text);\n});\ncy.contains('Accept Cookies').click();\ncy.get('#Form_submitForm_subdomain').type('naveenautomation').should('have.value', 'naveenautomation');\ncy.get('#Form_submitForm_Country').select('Andorra').should('have.value', 'Andorra');",
              "err": {},
              "uuid": "c2994f8c-91d2-44ab-9054-18657656fabc",
              "parentUUID": "51c2d08d-d60d-4231-ad5a-2becbc3a48de",
              "isHook": false,
              "skipped": false
            }
          ],
          "suites": [],
          "passes": [
            "c2994f8c-91d2-44ab-9054-18657656fabc"
          ],
          "failures": [],
          "pending": [],
          "skipped": [],
          "duration": 5624,
          "root": false,
          "rootEmpty": false,
          "_timeout": 2000
        }
      ],
      "passes": [],
      "failures": [],
      "pending": [],
      "skipped": [],
      "duration": 0,
      "root": true,
      "rootEmpty": true,
      "_timeout": 2000
    }
  ],
  "meta": {
    "mocha": {
      "version": "7.0.1"
    },
    "mochawesome": {
      "options": {
        "quiet": false,
        "reportFilename": "report",
        "saveHtml": true,
        "saveJson": true,
        "consoleReporter": "spec",
        "useInlineDiffs": false,
        "code": true
      },
      "version": "6.1.1"
    },
    "marge": {
      "options": {
        "reportDir": "cypress/reports",
        "reportFilename": "report",
        "overwrite": false,
        "html": true,
        "json": true,
        "charts": true
      },
      "version": "5.1.0"
    }
  }
}