{
  "stats": {
    "suites": 1,
    "tests": 1,
    "passes": 1,
    "pending": 0,
    "failures": 0,
    "start": "2020-06-25T11:38:38.521Z",
    "end": "2020-06-25T11:38:52.155Z",
    "duration": 13634,
    "testsRegistered": 1,
    "passPercent": 100,
    "pendingPercent": 0,
    "other": 0,
    "hasOther": false,
    "skipped": 0,
    "hasSkipped": false
  },
  "results": [
    {
      "uuid": "7155bd3a-8222-4fb6-9bfd-199712ef8555",
      "title": "",
      "fullFile": "cypress/integration/sampletests/back_fwd_test.js",
      "file": "cypress/integration/sampletests/back_fwd_test.js",
      "beforeHooks": [],
      "afterHooks": [],
      "tests": [],
      "suites": [
        {
          "uuid": "3ec58b40-092b-45a2-ae86-23e49cc5c859",
          "title": "back and fwd button simulate",
          "fullFile": "",
          "file": "",
          "beforeHooks": [],
          "afterHooks": [],
          "tests": [
            {
              "title": "back-fwd test",
              "fullTitle": "back and fwd button simulate back-fwd test",
              "timedOut": null,
              "duration": 11839,
              "state": "passed",
              "speed": "slow",
              "pass": true,
              "fail": false,
              "pending": false,
              "context": null,
              "code": "cy.visit('https://www.freshworks.com/');\ncy.contains('Platform').click().go('back').go('forward').contains('Platform'); //     cy.go('back')\n//     //cy.go(-1)\n//     cy.wait(200)\n//    cy.go('forward')\n//    //cy.go(1)",
              "err": {},
              "uuid": "cf040cad-4988-4532-bd73-f65e36e16c8a",
              "parentUUID": "3ec58b40-092b-45a2-ae86-23e49cc5c859",
              "isHook": false,
              "skipped": false
            }
          ],
          "suites": [],
          "passes": [
            "cf040cad-4988-4532-bd73-f65e36e16c8a"
          ],
          "failures": [],
          "pending": [],
          "skipped": [],
          "duration": 11839,
          "root": false,
          "rootEmpty": false,
          "_timeout": 2000
        }
      ],
      "passes": [],
      "failures": [],
      "pending": [],
      "skipped": [],
      "duration": 0,
      "root": true,
      "rootEmpty": true,
      "_timeout": 2000
    }
  ],
  "meta": {
    "mocha": {
      "version": "7.0.1"
    },
    "mochawesome": {
      "options": {
        "quiet": false,
        "reportFilename": "report",
        "saveHtml": true,
        "saveJson": true,
        "consoleReporter": "spec",
        "useInlineDiffs": false,
        "code": true
      },
      "version": "6.1.1"
    },
    "marge": {
      "options": {
        "reportDir": "cypress/reports",
        "reportFilename": "report",
        "overwrite": false,
        "html": true,
        "json": true,
        "charts": true
      },
      "version": "5.1.0"
    }
  }
}